TN:test
SF:/Users/ivan/Projects/CPP/smartcalc/src/Controller/Controller.cc
FN:3,_ZN3s2110Controller16expression_inputEPPc
FNDA:23,_ZN3s2110Controller16expression_inputEPPc
FN:7,_ZN3s2110Controller17expression_outputEd
FNDA:23,_ZN3s2110Controller17expression_outputEd
DA:3,23
DA:4,23
DA:7,23
DA:8,23
FNF:2
FNH:2
LF:4
LH:4
end_of_record
TN:test
SF:/Users/ivan/Projects/CPP/smartcalc/src/Model/Model.cc
FN:3,_ZN3s218Notation6polishEd
FNDA:27,_ZN3s218Notation6polishEd
FN:134,_ZN3s218Notation11find_lexemaEPPc
FNDA:216,_ZN3s218Notation11find_lexemaEPPc
FN:239,_ZN3s218Notation11find_numberEPPc
FNDA:76,_ZN3s218Notation11find_numberEPPc
FN:274,_ZN3s218Notation11get_postfixEPPc
FNDA:39,_ZN3s218Notation11get_postfixEPPc
FN:335,_ZN3s218Notation10validationEv
FNDA:31,_ZN3s218Notation10validationEv
FN:352,_ZN3s218Notation3inpEPPc
FNDA:39,_ZN3s218Notation3inpEPPc
DA:3,27
DA:5,27
DA:6,27
DA:7,27
DA:8,153
DA:10,126
DA:13,60
DA:14,60
DA:16,5
DA:17,5
DA:19,5
DA:20,5
DA:21,5
DA:22,5
DA:23,5
DA:24,5
DA:26,16
DA:27,16
DA:28,16
DA:29,16
DA:30,16
DA:31,16
DA:33,7
DA:34,7
DA:35,7
DA:36,7
DA:37,7
DA:38,7
DA:40,7
DA:41,7
DA:42,7
DA:43,7
DA:44,7
DA:45,7
DA:47,2
DA:48,2
DA:49,2
DA:50,2
DA:51,2
DA:52,2
DA:54,1
DA:55,1
DA:56,1
DA:57,1
DA:58,1
DA:59,1
DA:61,9
DA:62,9
DA:63,9
DA:64,9
DA:65,9
DA:67,2
DA:68,2
DA:69,2
DA:70,2
DA:71,2
DA:73,1
DA:74,1
DA:75,1
DA:76,1
DA:77,1
DA:79,3
DA:80,3
DA:81,3
DA:82,3
DA:83,3
DA:85,1
DA:86,1
DA:87,1
DA:88,1
DA:89,1
DA:91,1
DA:92,1
DA:93,1
DA:94,1
DA:95,1
DA:97,2
DA:98,2
DA:99,2
DA:100,2
DA:101,2
DA:103,1
DA:104,1
DA:105,1
DA:106,1
DA:107,1
DA:109,1
DA:110,1
DA:111,1
DA:112,1
DA:113,1
DA:115,1
DA:116,1
DA:117,1
DA:118,1
DA:119,1
DA:121,1
DA:122,1
DA:123,1
DA:124,1
DA:125,1
DA:127,0
DA:129,126
DA:131,27
DA:132,27
DA:134,216
DA:136,216
DA:137,216
DA:139,76
DA:140,76
DA:142,140
DA:144,12
DA:145,12
DA:147,128
DA:149,29
DA:150,29
DA:152,99
DA:154,7
DA:155,7
DA:157,92
DA:159,7
DA:160,7
DA:162,85
DA:164,6
DA:165,6
DA:166,6
DA:168,79
DA:170,2
DA:171,2
DA:173,77
DA:175,1
DA:176,1
DA:178,76
DA:180,2
DA:181,2
DA:183,74
DA:185,7
DA:186,7
DA:188,67
DA:190,1
DA:191,1
DA:193,66
DA:195,1
DA:196,1
DA:198,65
DA:200,2
DA:201,2
DA:203,63
DA:205,1
DA:206,1
DA:208,62
DA:210,1
DA:211,1
DA:213,61
DA:215,1
DA:216,1
DA:218,60
DA:220,1
DA:221,1
DA:223,59
DA:225,28
DA:226,28
DA:228,31
DA:230,24
DA:231,24
DA:235,7
DA:237,216
DA:239,76
DA:241,76
DA:242,76
DA:243,76
DA:244,166
DA:245,90
DA:246,90
DA:247,90
DA:248,76
DA:249,2
DA:250,4
DA:251,2
DA:252,2
DA:253,2
DA:254,2
DA:255,2
DA:256,76
DA:257,2
DA:258,2
DA:259,2
DA:260,2
DA:261,1
DA:262,1
DA:263,1
DA:264,4
DA:265,2
DA:266,2
DA:267,2
DA:268,2
DA:269,2
DA:270,76
DA:271,76
DA:274,39
DA:276,39
DA:277,39
DA:278,39
DA:279,247
DA:281,221
DA:282,5
DA:283,216
DA:284,216
DA:286,7
DA:288,209
DA:289,10
DA:290,209
DA:291,2
DA:292,209
DA:294,82
DA:295,82
DA:296,82
DA:297,127
DA:299,58
DA:301,12
DA:302,12
DA:304,46
DA:305,46
DA:306,46
DA:307,81
DA:309,49
DA:311,25
DA:312,25
DA:314,24
DA:315,1
DA:316,23
DA:317,23
DA:318,23
DA:321,57
DA:322,57
DA:324,238
DA:325,30
DA:327,64
DA:329,33
DA:330,33
DA:332,31
DA:333,39
DA:335,31
DA:336,31
DA:337,31
DA:338,171
DA:339,142
DA:340,75
DA:341,142
DA:342,41
DA:343,67
DA:344,2
DA:346,140
DA:348,29
DA:349,27
DA:350,31
DA:352,39
DA:353,39
DA:354,31
DA:355,27
DA:356,39
FNF:6
FNH:6
LF:261
LH:260
end_of_record
SF:/Users/ivan/Projects/CPP/smartcalc/src/Model/model.h
FN:47,_ZN3s218Notation6LexemaC1Ed
FNDA:76,_ZN3s218Notation6LexemaC1Ed
FN:47,_ZN3s218Notation6LexemaC2Ed
FNDA:76,_ZN3s218Notation6LexemaC2Ed
FN:48,_ZN3s218Notation6LexemaC1E13element_typee
FNDA:140,_ZN3s218Notation6LexemaC1E13element_typee
FN:48,_ZN3s218Notation6LexemaC2E13element_typee
FNDA:140,_ZN3s218Notation6LexemaC2E13element_typee
DA:47,152
DA:48,280
FNF:4
FNH:4
LF:2
LH:2
end_of_record
TN:test
SF:/Users/ivan/Projects/CPP/smartcalc/src/Model/model.h
FN:39,_ZN3s218NotationC1ERKS0_
FNDA:46,_ZN3s218NotationC1ERKS0_
FN:39,_ZN3s218NotationC2ERKS0_
FNDA:46,_ZN3s218NotationC2ERKS0_
FN:54,_ZN3s218NotationC1Ev
FNDA:39,_ZN3s218NotationC1Ev
FN:54,_ZN3s218NotationC2Ev
FNDA:39,_ZN3s218NotationC2Ev
FN:58,_ZN3s218NotationD1Ev
FNDA:85,_ZN3s218NotationD1Ev
FN:58,_ZN3s218NotationD2Ev
FNDA:85,_ZN3s218NotationD2Ev
DA:52,39
DA:54,78
DA:55,39
DA:56,78
DA:58,170
DA:60,170
FNF:6
FNH:6
LF:6
LH:6
end_of_record
SF:/Users/ivan/Projects/CPP/smartcalc/src/test/calculation_tests.cc
FN:0,__cxx_global_var_init
FNDA:1,__cxx_global_var_init
FN:0,__cxx_global_var_init.16
FNDA:1,__cxx_global_var_init.16
FN:0,__cxx_global_var_init.28
FNDA:1,__cxx_global_var_init.28
FN:0,__cxx_global_var_init.35
FNDA:1,__cxx_global_var_init.35
FN:0,__cxx_global_var_init.41
FNDA:1,__cxx_global_var_init.41
FN:6,_Z7my_testNSt3__112basic_stringIcNS_11char_traitsIcEENS_9allocatorIcEEEEd
FNDA:23,_Z7my_testNSt3__112basic_stringIcNS_11char_traitsIcEENS_9allocatorIcEEEEd
FN:15,_Z17my_test_incorrectNSt3__112basic_stringIcNS_11char_traitsIcEENS_9allocatorIcEEEE
FNDA:12,_Z17my_test_incorrectNSt3__112basic_stringIcNS_11char_traitsIcEENS_9allocatorIcEEEE
FN:22,_Z14my_test_with_xNSt3__112basic_stringIcNS_11char_traitsIcEENS_9allocatorIcEEEEdd
FNDA:4,_Z14my_test_with_xNSt3__112basic_stringIcNS_11char_traitsIcEENS_9allocatorIcEEEEdd
FN:29,_ZN21calc_testNumbers_Test8TestBodyEv
FNDA:1,_ZN21calc_testNumbers_Test8TestBodyEv
FN:29,_ZN21calc_testNumbers_TestD1Ev
FNDA:1,_ZN21calc_testNumbers_TestD1Ev
FN:29,_ZN21calc_testNumbers_TestD0Ev
FNDA:1,_ZN21calc_testNumbers_TestD0Ev
FN:29,_ZN21calc_testNumbers_TestC1Ev
FNDA:1,_ZN21calc_testNumbers_TestC1Ev
FN:29,_ZN21calc_testNumbers_TestC2Ev
FNDA:1,_ZN21calc_testNumbers_TestC2Ev
FN:29,_ZN21calc_testNumbers_TestD2Ev
FNDA:1,_ZN21calc_testNumbers_TestD2Ev
FN:40,_ZN25calc_testExpressions_Test8TestBodyEv
FNDA:1,_ZN25calc_testExpressions_Test8TestBodyEv
FN:40,_ZN25calc_testExpressions_TestD1Ev
FNDA:1,_ZN25calc_testExpressions_TestD1Ev
FN:40,_ZN25calc_testExpressions_TestD0Ev
FNDA:1,_ZN25calc_testExpressions_TestD0Ev
FN:40,_ZN25calc_testExpressions_TestC1Ev
FNDA:1,_ZN25calc_testExpressions_TestC1Ev
FN:40,_ZN25calc_testExpressions_TestC2Ev
FNDA:1,_ZN25calc_testExpressions_TestC2Ev
FN:40,_ZN25calc_testExpressions_TestD2Ev
FNDA:1,_ZN25calc_testExpressions_TestD2Ev
FN:55,_ZN33calc_testCompoudExpressionss_Test8TestBodyEv
FNDA:1,_ZN33calc_testCompoudExpressionss_Test8TestBodyEv
FN:55,_ZN33calc_testCompoudExpressionss_TestD1Ev
FNDA:1,_ZN33calc_testCompoudExpressionss_TestD1Ev
FN:55,_ZN33calc_testCompoudExpressionss_TestD0Ev
FNDA:1,_ZN33calc_testCompoudExpressionss_TestD0Ev
FN:55,_ZN33calc_testCompoudExpressionss_TestC1Ev
FNDA:1,_ZN33calc_testCompoudExpressionss_TestC1Ev
FN:55,_ZN33calc_testCompoudExpressionss_TestC2Ev
FNDA:1,_ZN33calc_testCompoudExpressionss_TestC2Ev
FN:55,_ZN33calc_testCompoudExpressionss_TestD2Ev
FNDA:1,_ZN33calc_testCompoudExpressionss_TestD2Ev
FN:65,_ZN22calc_TestCorrectX_Test8TestBodyEv
FNDA:1,_ZN22calc_TestCorrectX_Test8TestBodyEv
FN:65,_ZN22calc_TestCorrectX_TestD1Ev
FNDA:1,_ZN22calc_TestCorrectX_TestD1Ev
FN:65,_ZN22calc_TestCorrectX_TestD0Ev
FNDA:1,_ZN22calc_TestCorrectX_TestD0Ev
FN:65,_ZN22calc_TestCorrectX_TestC1Ev
FNDA:1,_ZN22calc_TestCorrectX_TestC1Ev
FN:65,_ZN22calc_TestCorrectX_TestC2Ev
FNDA:1,_ZN22calc_TestCorrectX_TestC2Ev
FN:65,_ZN22calc_TestCorrectX_TestD2Ev
FNDA:1,_ZN22calc_TestCorrectX_TestD2Ev
FN:72,_ZN23calc_TestIncorrect_Test8TestBodyEv
FNDA:1,_ZN23calc_TestIncorrect_Test8TestBodyEv
FN:72,_ZN23calc_TestIncorrect_TestD1Ev
FNDA:1,_ZN23calc_TestIncorrect_TestD1Ev
FN:72,_ZN23calc_TestIncorrect_TestD0Ev
FNDA:1,_ZN23calc_TestIncorrect_TestD0Ev
FN:72,_ZN23calc_TestIncorrect_TestC1Ev
FNDA:1,_ZN23calc_TestIncorrect_TestC1Ev
FN:72,_ZN23calc_TestIncorrect_TestC2Ev
FNDA:1,_ZN23calc_TestIncorrect_TestC2Ev
FN:72,_ZN23calc_TestIncorrect_TestD2Ev
FNDA:1,_ZN23calc_TestIncorrect_TestD2Ev
DA:6,23
DA:7,23
DA:8,23
DA:9,23
DA:10,23
DA:12,23
DA:13,23
DA:15,12
DA:16,12
DA:17,12
DA:18,12
DA:19,12
DA:20,12
DA:22,4
DA:23,4
DA:24,4
DA:25,4
DA:26,4
DA:27,4
DA:29,4
DA:30,1
DA:31,1
DA:32,1
DA:33,1
DA:34,1
DA:35,1
DA:36,1
DA:38,1
DA:40,4
DA:41,1
DA:42,1
DA:43,1
DA:44,1
DA:45,1
DA:46,1
DA:47,1
DA:48,1
DA:49,1
DA:50,1
DA:51,1
DA:53,1
DA:55,4
DA:56,1
DA:57,1
DA:58,1
DA:59,1
DA:61,1
DA:63,1
DA:65,4
DA:66,1
DA:67,1
DA:68,1
DA:69,1
DA:70,1
DA:72,4
DA:73,1
DA:74,1
DA:75,1
DA:76,1
DA:77,1
DA:78,1
DA:79,1
DA:80,1
DA:81,1
DA:82,1
DA:83,1
DA:84,1
DA:85,1
FNF:38
FNH:38
LF:68
LH:68
end_of_record
SF:/Users/ivan/Projects/CPP/smartcalc/src/Controller/Controller.h
FN:9,_ZN3s2110ControllerD1Ev
FNDA:23,_ZN3s2110ControllerD1Ev
FN:9,_ZN3s2110ControllerD2Ev
FNDA:23,_ZN3s2110ControllerD2Ev
FN:15,_ZN3s2110ControllerC1ENS_8NotationE
FNDA:23,_ZN3s2110ControllerC1ENS_8NotationE
FN:15,_ZN3s2110ControllerC2ENS_8NotationE
FNDA:23,_ZN3s2110ControllerC2ENS_8NotationE
DA:15,46
FNF:4
FNH:4
LF:1
LH:1
end_of_record
